[debug] [2024-07-21T06:43:58.461Z] ----------------------------------------------------------------------
[debug] [2024-07-21T06:43:58.467Z] Command:       C:\Program Files\nodejs\node.exe C:\Users\hasin\AppData\Roaming\npm\node_modules\firebase-tools\lib\bin\firebase.js init
[debug] [2024-07-21T06:43:58.467Z] CLI Version:   13.13.3
[debug] [2024-07-21T06:43:58.467Z] Platform:      win32
[debug] [2024-07-21T06:43:58.467Z] Node Version:  v20.15.1
[debug] [2024-07-21T06:43:58.467Z] Time:          Sun Jul 21 2024 12:13:58 GMT+0530 (India Standard Time)
[debug] [2024-07-21T06:43:58.467Z] ----------------------------------------------------------------------
[debug] 
[debug] [2024-07-21T06:43:58.523Z] > command requires scopes: ["email","openid","https://www.googleapis.com/auth/cloudplatformprojects.readonly","https://www.googleapis.com/auth/firebase","https://www.googleapis.com/auth/cloud-platform"]
[debug] [2024-07-21T06:43:58.524Z] > authorizing via signed-in user (22x016@psgtech.ac.in)
[info] 
     ######## #### ########  ######## ########     ###     ######  ########
     ##        ##  ##     ## ##       ##     ##  ##   ##  ##       ##
     ######    ##  ########  ######   ########  #########  ######  ######
     ##        ##  ##    ##  ##       ##     ## ##     ##       ## ##
     ##       #### ##     ## ######## ########  ##     ##  ######  ########

You're about to initialize a Firebase project in this directory:

  C:\angularhasin\demoapp

Before we get started, keep in mind:

  * You are currently outside your home directory
  * You are initializing within an existing Firebase project directory

[info] 
=== Project Setup
[info] 
[info] First, let's associate this project directory with a Firebase project.
[info] You can create multiple project aliases by running firebase use --add, 
[info] but for now we'll just set up a default project.
[info] 
[debug] [2024-07-21T06:44:24.461Z] Using project from CLI flag: affable-armor-429018-q1
[debug] [2024-07-21T06:44:24.464Z] >>> [apiv2][query] GET https://firebase.googleapis.com/v1beta1/projects/affable-armor-429018-q1 [none]
[debug] [2024-07-21T06:44:25.566Z] <<< [apiv2][status] GET https://firebase.googleapis.com/v1beta1/projects/affable-armor-429018-q1 200
[debug] [2024-07-21T06:44:25.566Z] <<< [apiv2][body] GET https://firebase.googleapis.com/v1beta1/projects/affable-armor-429018-q1 {"projectId":"affable-armor-429018-q1","projectNumber":"721691587276","displayName":"My Project 92587","name":"projects/affable-armor-429018-q1","resources":{"hostingSite":"affable-armor-429018-q1"},"state":"ACTIVE","etag":"1_316ffd7a-b447-431d-a3c5-b9f4a6662723"}
[info] i  Using project affable-armor-429018-q1 (My Project 92587) 
[info] 
=== Hosting Setup
[debug] [2024-07-21T06:44:25.572Z] >>> [apiv2][query] GET https://firebase.googleapis.com/v1beta1/projects/affable-armor-429018-q1 [none]
[debug] [2024-07-21T06:44:26.169Z] <<< [apiv2][status] GET https://firebase.googleapis.com/v1beta1/projects/affable-armor-429018-q1 200
[debug] [2024-07-21T06:44:26.169Z] <<< [apiv2][body] GET https://firebase.googleapis.com/v1beta1/projects/affable-armor-429018-q1 {"projectId":"affable-armor-429018-q1","projectNumber":"721691587276","displayName":"My Project 92587","name":"projects/affable-armor-429018-q1","resources":{"hostingSite":"affable-armor-429018-q1"},"state":"ACTIVE","etag":"1_316ffd7a-b447-431d-a3c5-b9f4a6662723"}
[info] 
[info] Your public directory is the folder (relative to your project directory) that
[info] will contain Hosting assets to be uploaded with firebase deploy. If you
[info] have a build process for your assets, use your build's output directory.
[info] 
